593967687882:ENCOLADO ans_961be77a-3932-490d-8b3a-af852e73d5fb
EJECUTANDO:ans_961be77a-3932-490d-8b3a-af852e73d5fb
593967687882:SUCCESS
593967687882:ENCOLADO ans_fe9c327c-de37-43ac-b7ba-2a3c00fd947b
EJECUTANDO:ans_fe9c327c-de37-43ac-b7ba-2a3c00fd947b
593967687882:SUCCESS
593967687882:ENCOLADO ans_8bf59ac4-9a52-4b2f-ad24-96db2095c445
EJECUTANDO:ans_8bf59ac4-9a52-4b2f-ad24-96db2095c445
593967687882:SUCCESS
593967687882:ENCOLADO ans_961be77a-3932-490d-8b3a-af852e73d5fb
EJECUTANDO:ans_961be77a-3932-490d-8b3a-af852e73d5fb
593967687882:SUCCESS
593967687882:ENCOLADO ans_70b4170a-b570-4a05-97cf-1b6483b7d4ae
EJECUTANDO:ans_70b4170a-b570-4a05-97cf-1b6483b7d4ae
593967687882:SUCCESS
593967687882:ENCOLADO ans_7d952e63-66a0-4bb6-9ab8-6774332a8f60
EJECUTANDO:ans_7d952e63-66a0-4bb6-9ab8-6774332a8f60
593967687882:SUCCESS
593967687882:ENCOLADO ans_564b047c-ed8c-48c9-a607-7b8ada66b612
EJECUTANDO:ans_564b047c-ed8c-48c9-a607-7b8ada66b612
593967687882:SUCCESS
593967687882:ENCOLADO ans_961be77a-3932-490d-8b3a-af852e73d5fb
EJECUTANDO:ans_961be77a-3932-490d-8b3a-af852e73d5fb
593967687882:SUCCESS
593967687882:ENCOLADO ans_fe9c327c-de37-43ac-b7ba-2a3c00fd947b
EJECUTANDO:ans_fe9c327c-de37-43ac-b7ba-2a3c00fd947b
593967687882:SUCCESS
593967687882:ENCOLADO ans_8bf59ac4-9a52-4b2f-ad24-96db2095c445
EJECUTANDO:ans_8bf59ac4-9a52-4b2f-ad24-96db2095c445
593967687882:SUCCESS
593967687882:ENCOLADO ans_961be77a-3932-490d-8b3a-af852e73d5fb
EJECUTANDO:ans_961be77a-3932-490d-8b3a-af852e73d5fb
593967687882:SUCCESS
593967687882:ENCOLADO ans_70b4170a-b570-4a05-97cf-1b6483b7d4ae
EJECUTANDO:ans_70b4170a-b570-4a05-97cf-1b6483b7d4ae
593967687882:SUCCESS
593967687882:ENCOLADO ans_7d952e63-66a0-4bb6-9ab8-6774332a8f60
EJECUTANDO:ans_7d952e63-66a0-4bb6-9ab8-6774332a8f60
593967687882:SUCCESS
593967687882:ENCOLADO ans_564b047c-ed8c-48c9-a607-7b8ada66b612
EJECUTANDO:ans_564b047c-ed8c-48c9-a607-7b8ada66b612
593967687882:SUCCESS
593967687882:ENCOLADO ans_961be77a-3932-490d-8b3a-af852e73d5fb
EJECUTANDO:ans_961be77a-3932-490d-8b3a-af852e73d5fb
593967687882:SUCCESS
593967687882:ENCOLADO ans_c6c926d8-6f9a-4808-9200-887dc42e4d21
EJECUTANDO:ans_c6c926d8-6f9a-4808-9200-887dc42e4d21
593967687882:SUCCESS
593967687882:ENCOLADO ans_a6c12d72-590f-4369-a9fc-4cdaff2aba94
EJECUTANDO:ans_a6c12d72-590f-4369-a9fc-4cdaff2aba94
593967687882:SUCCESS
593967687882:ENCOLADO ans_7709ef12-d35a-4ca4-b009-4db395b78113
EJECUTANDO:ans_7709ef12-d35a-4ca4-b009-4db395b78113
593967687882:SUCCESS
593967687882:ENCOLADO ans_961be77a-3932-490d-8b3a-af852e73d5fb
EJECUTANDO:ans_961be77a-3932-490d-8b3a-af852e73d5fb
593967687882:SUCCESS
593967687882:ENCOLADO ans_6b6ce818-e82f-44ca-8a2f-a13f3d870a21
EJECUTANDO:ans_6b6ce818-e82f-44ca-8a2f-a13f3d870a21
593967687882:SUCCESS
593967687882:ENCOLADO ans_9ac42733-935f-48a7-a6ca-5588bbf98e42
EJECUTANDO:ans_9ac42733-935f-48a7-a6ca-5588bbf98e42
593967687882:SUCCESS
593967687882:ENCOLADO ans_961be77a-3932-490d-8b3a-af852e73d5fb
EJECUTANDO:ans_961be77a-3932-490d-8b3a-af852e73d5fb
593967687882:SUCCESS
593967687882:ENCOLADO ans_29c765e3-90bd-4799-bbc9-22889ae9f66f
EJECUTANDO:ans_29c765e3-90bd-4799-bbc9-22889ae9f66f
593967687882:SUCCESS
593967687882:ENCOLADO ans_a93acfea-f28a-493b-88ef-5bbd4f8f17b9
EJECUTANDO:ans_a93acfea-f28a-493b-88ef-5bbd4f8f17b9
593967687882:SUCCESS
593967687882:ENCOLADO ans_961be77a-3932-490d-8b3a-af852e73d5fb
EJECUTANDO:ans_961be77a-3932-490d-8b3a-af852e73d5fb
593967687882:SUCCESS
593967687882:ENCOLADO ans_78393c6e-fd73-4e37-a20f-e362374c7ce2
EJECUTANDO:ans_78393c6e-fd73-4e37-a20f-e362374c7ce2
593967687882:SUCCESS
593967687882:ENCOLADO ans_ae1a777b-61c3-4bb2-961e-0ea541187903
EJECUTANDO:ans_ae1a777b-61c3-4bb2-961e-0ea541187903
593967687882:SUCCESS
593967687882:ENCOLADO ans_961be77a-3932-490d-8b3a-af852e73d5fb
EJECUTANDO:ans_961be77a-3932-490d-8b3a-af852e73d5fb
593967687882:SUCCESS
593967687882:ENCOLADO ans_7b24d66a-d73a-4c81-8a33-d5c576b95834
EJECUTANDO:ans_7b24d66a-d73a-4c81-8a33-d5c576b95834
593967687882:SUCCESS
593967687882:ENCOLADO ans_961be77a-3932-490d-8b3a-af852e73d5fb
EJECUTANDO:ans_961be77a-3932-490d-8b3a-af852e73d5fb
593967687882:SUCCESS
593967687882:ENCOLADO ans_6abdf284-83c9-4966-aede-ac5dad2c3ac7
EJECUTANDO:ans_6abdf284-83c9-4966-aede-ac5dad2c3ac7
593967687882:SUCCESS
